1513267912887	geckodriver	INFO	geckodriver 0.19.1
1513267912910	geckodriver	INFO	Listening on 127.0.0.1:49971
1513267915029	mozrunner::runner	INFO	Running command: "D:\\Program Files\\mozilla firefox\\firefox.exe" "-marionette" "-profile" "C:\\Users\\zzz\\AppData\\Local\\Temp\\rust_mozprofile.16bGLB5uIuvF"
1513267934017	geckodriver	INFO	geckodriver 0.19.1
1513267934037	geckodriver	INFO	Listening on 127.0.0.1:50005
1513267936108	mozrunner::runner	INFO	Running command: "D:\\Program Files\\mozilla firefox\\firefox.exe" "-marionette" "-profile" "C:\\Users\\zzz\\AppData\\Local\\Temp\\rust_mozprofile.vsOcd9N9ivt9"
1513267936836	addons.xpi	WARN	Error parsing extensions state: [Exception... "Component returned failure code: 0x80520012 (NS_ERROR_FILE_NOT_FOUND) [amIAddonManagerStartup.readStartupData]"  nsresult: "0x80520012 (NS_ERROR_FILE_NOT_FOUND)"  location: "JS frame :: resource://gre/modules/addons/XPIProvider.jsm :: loadExtensionState :: line 1554"  data: no] Stack trace: loadExtensionState()@resource://gre/modules/addons/XPIProvider.jsm:1554 < getInstallState()@resource://gre/modules/addons/XPIProvider.jsm:1589 < checkForChanges()@resource://gre/modules/addons/XPIProvider.jsm:3109 < startup()@resource://gre/modules/addons/XPIProvider.jsm:2188 < callProvider()@resource://gre/modules/AddonManager.jsm:269 < _startProvider()@resource://gre/modules/AddonManager.jsm:739 < startup()@resource://gre/modules/AddonManager.jsm:906 < startup()@resource://gre/modules/AddonManager.jsm:3090 < observe()@jar:file:///D:/Program%20Files/mozilla%20firefox/omni.ja!/components/addonManager.js:65
1513267938107	Marionette	INFO	Enabled via --marionette
Unable to read VR Path Registry from C:\Users\zzz\AppData\Local\openvr\openvrpaths.vrpath
[Child 8384] WARNING: pipe error: 109: file z:/build/build/src/ipc/chromium/src/chrome/common/ipc_channel_win.cc, line 346
[Child 8384] WARNING: pipe error: 109: file z:/build/build/src/ipc/chromium/src/chrome/common/ipc_channel_win.cc, line 346
1513267942047	Marionette	INFO	Listening on port 50013
1513267942294	Marionette	DEBUG	Register listener.js for window 4294967297
1513267956152	addons.productaddons	WARN	Failed downloading via XHR, status: 0, reason: error
Unable to read VR Path Registry from C:\Users\zzz\AppData\Local\openvr\openvrpaths.vrpath
[Parent 8068] WARNING: pipe error: 109: file z:/build/build/src/ipc/chromium/src/chrome/common/ipc_channel_win.cc, line 346
Unable to read VR Path Registry from C:\Users\zzz\AppData\Local\openvr\openvrpaths.vrpath
[Child 8640] WARNING: pipe error: 109: file z:/build/build/src/ipc/chromium/src/chrome/common/ipc_channel_win.cc, line 346
[Child 8640] WARNING: pipe error: 109: file z:/build/build/src/ipc/chromium/src/chrome/common/ipc_channel_win.cc, line 346
Unable to read VR Path Registry from C:\Users\zzz\AppData\Local\openvr\openvrpaths.vrpath
[Child 9068] WARNING: pipe error: 109: file z:/build/build/src/ipc/chromium/src/chrome/common/ipc_channel_win.cc, line 346
[Child 9068] WARNING: pipe error: 109: file z:/build/build/src/ipc/chromium/src/chrome/common/ipc_channel_win.cc, line 346
*** UTM:SVC TimerManager:registerTimer called after profile-before-change notification. Ignoring timer registration for id: telemetry_modules_ping
1513267961827	geckodriver	INFO	geckodriver 0.19.1
1513267961849	geckodriver	INFO	Listening on 127.0.0.1:50106
1513267963962	mozrunner::runner	INFO	Running command: "D:\\Program Files\\mozilla firefox\\firefox.exe" "-marionette" "-profile" "C:\\Users\\zzz\\AppData\\Local\\Temp\\rust_mozprofile.rwCX71VVnXAG"
1513267964436	addons.xpi	WARN	Error parsing extensions state: [Exception... "Component returned failure code: 0x80520012 (NS_ERROR_FILE_NOT_FOUND) [amIAddonManagerStartup.readStartupData]"  nsresult: "0x80520012 (NS_ERROR_FILE_NOT_FOUND)"  location: "JS frame :: resource://gre/modules/addons/XPIProvider.jsm :: loadExtensionState :: line 1554"  data: no] Stack trace: loadExtensionState()@resource://gre/modules/addons/XPIProvider.jsm:1554 < getInstallState()@resource://gre/modules/addons/XPIProvider.jsm:1589 < checkForChanges()@resource://gre/modules/addons/XPIProvider.jsm:3109 < startup()@resource://gre/modules/addons/XPIProvider.jsm:2188 < callProvider()@resource://gre/modules/AddonManager.jsm:269 < _startProvider()@resource://gre/modules/AddonManager.jsm:739 < startup()@resource://gre/modules/AddonManager.jsm:906 < startup()@resource://gre/modules/AddonManager.jsm:3090 < observe()@jar:file:///D:/Program%20Files/mozilla%20firefox/omni.ja!/components/addonManager.js:65
1513267965247	Marionette	INFO	Enabled via --marionette
Unable to read VR Path Registry from C:\Users\zzz\AppData\Local\openvr\openvrpaths.vrpath
[Child 7588] WARNING: pipe error: 109: file z:/build/build/src/ipc/chromium/src/chrome/common/ipc_channel_win.cc, line 346
[Child 7588] WARNING: pipe error: 109: file z:/build/build/src/ipc/chromium/src/chrome/common/ipc_channel_win.cc, line 346
1513267968121	Marionette	INFO	Listening on port 50116
1513267968271	Marionette	DEBUG	Register listener.js for window 4294967297
1513267968481	Marionette	DEBUG	Received DOM event "beforeunload" for "about:blank"
1513267969149	Marionette	DEBUG	Received DOM event "pagehide" for "about:blank"
1513267969149	Marionette	DEBUG	Received DOM event "unload" for "about:blank"
Unable to read VR Path Registry from C:\Users\zzz\AppData\Local\openvr\openvrpaths.vrpath
JavaScript error: https://ss1.bdstatic.com/5eN1bjq8AAUYm2zgoY3K/r/www/cache/static/protocol/https/plugins/every_cookie_4644b13.js, line 4: ReferenceError: c is not defined
1513267969970	Marionette	DEBUG	Received DOM event "DOMContentLoaded" for "https://www.baidu.com/"
1513267970051	Marionette	DEBUG	Received DOM event "pageshow" for "https://www.baidu.com/"
[Child 9096] WARNING: pipe error: 109: file z:/build/build/src/ipc/chromium/src/chrome/common/ipc_channel_win.cc, line 346
[Child 9096] WARNING: pipe error: 109: file z:/build/build/src/ipc/chromium/src/chrome/common/ipc_channel_win.cc, line 346
Unable to read VR Path Registry from C:\Users\zzz\AppData\Local\openvr\openvrpaths.vrpath
[Child 3984] WARNING: pipe error: 109: file z:/build/build/src/ipc/chromium/src/chrome/common/ipc_channel_win.cc, line 346
*** UTM:SVC TimerManager:registerTimer called after profile-before-change notification. Ignoring timer registration for id: telemetry_modules_ping
Unable to read VR Path Registry from C:\Users\zzz\AppData\Local\openvr\openvrpaths.vrpath
